  stdafx.cpp
  PlayingCard.cpp
  Player.cpp
\\warehouse2.seasad.wustl.edu\home\m.mason\my documents\visual studio 2015\projects\lab3\lab3\hand.h(12): error C2061: syntax error: identifier 'Deck'
\\warehouse2.seasad.wustl.edu\home\m.mason\my documents\visual studio 2015\projects\lab3\lab3\hand.h(12): error C2805: binary 'operator <<' has too few parameters
\\warehouse2.seasad.wustl.edu\home\m.mason\my documents\visual studio 2015\projects\lab3\lab3\hand.h(14): error C3646: 'getPRank': unknown override specifier
\\warehouse2.seasad.wustl.edu\home\m.mason\my documents\visual studio 2015\projects\lab3\lab3\hand.h(14): error C2059: syntax error: 'const'
\\warehouse2.seasad.wustl.edu\home\m.mason\my documents\visual studio 2015\projects\lab3\lab3\hand.h(14): error C2238: unexpected token(s) preceding ';'
\\warehouse2.seasad.wustl.edu\home\m.mason\my documents\visual studio 2015\projects\lab3\lab3\hand.h(30): error C4430: missing type specifier - int assumed. Note: C++ does not support default-int
\\warehouse2.seasad.wustl.edu\home\m.mason\my documents\visual studio 2015\projects\lab3\lab3\hand.h(30): error C2146: syntax error: missing ';' before identifier 'getPRank'
  Lab3.cpp
  Hand.cpp
\\warehouse2.seasad.wustl.edu\home\m.mason\my documents\visual studio 2015\projects\lab3\lab3\hand.cpp(1): fatal error C1010: unexpected end of file while looking for precompiled header. Did you forget to add '#include "stdafx.h"' to your source?
  Game.cpp
\\warehouse2.seasad.wustl.edu\home\m.mason\my documents\visual studio 2015\projects\lab3\lab3\hand.h(12): error C2061: syntax error: identifier 'Deck'
\\warehouse2.seasad.wustl.edu\home\m.mason\my documents\visual studio 2015\projects\lab3\lab3\hand.h(12): error C2805: binary 'operator <<' has too few parameters
\\warehouse2.seasad.wustl.edu\home\m.mason\my documents\visual studio 2015\projects\lab3\lab3\hand.h(14): error C3646: 'getPRank': unknown override specifier
\\warehouse2.seasad.wustl.edu\home\m.mason\my documents\visual studio 2015\projects\lab3\lab3\hand.h(14): error C2059: syntax error: 'const'
\\warehouse2.seasad.wustl.edu\home\m.mason\my documents\visual studio 2015\projects\lab3\lab3\hand.h(14): error C2238: unexpected token(s) preceding ';'
\\warehouse2.seasad.wustl.edu\home\m.mason\my documents\visual studio 2015\projects\lab3\lab3\hand.h(30): error C4430: missing type specifier - int assumed. Note: C++ does not support default-int
\\warehouse2.seasad.wustl.edu\home\m.mason\my documents\visual studio 2015\projects\lab3\lab3\hand.h(30): error C2146: syntax error: missing ';' before identifier 'getPRank'
\\warehouse2.seasad.wustl.edu\home\m.mason\my documents\visual studio 2015\projects\lab3\lab3\game.cpp(52): warning C4018: '<': signed/unsigned mismatch
\\warehouse2.seasad.wustl.edu\home\m.mason\my documents\visual studio 2015\projects\lab3\lab3\game.cpp(64): warning C4018: '<': signed/unsigned mismatch
  FiveCardDraw.cpp
\\warehouse2.seasad.wustl.edu\home\m.mason\my documents\visual studio 2015\projects\lab3\lab3\fivecarddraw.cpp(1): fatal error C1010: unexpected end of file while looking for precompiled header. Did you forget to add '#include "stdafx.h"' to your source?
  Deck.cpp
\\warehouse2.seasad.wustl.edu\home\m.mason\my documents\visual studio 2015\projects\lab3\lab3\hand.h(12): error C2061: syntax error: identifier 'Deck'
\\warehouse2.seasad.wustl.edu\home\m.mason\my documents\visual studio 2015\projects\lab3\lab3\hand.h(12): error C2805: binary 'operator <<' has too few parameters
\\warehouse2.seasad.wustl.edu\home\m.mason\my documents\visual studio 2015\projects\lab3\lab3\hand.h(14): error C3646: 'getPRank': unknown override specifier
\\warehouse2.seasad.wustl.edu\home\m.mason\my documents\visual studio 2015\projects\lab3\lab3\hand.h(14): error C2059: syntax error: 'const'
\\warehouse2.seasad.wustl.edu\home\m.mason\my documents\visual studio 2015\projects\lab3\lab3\hand.h(14): error C2238: unexpected token(s) preceding ';'
\\warehouse2.seasad.wustl.edu\home\m.mason\my documents\visual studio 2015\projects\lab3\lab3\hand.h(30): error C4430: missing type specifier - int assumed. Note: C++ does not support default-int
\\warehouse2.seasad.wustl.edu\home\m.mason\my documents\visual studio 2015\projects\lab3\lab3\hand.h(30): error C2146: syntax error: missing ';' before identifier 'getPRank'
\\warehouse2.seasad.wustl.edu\home\m.mason\my documents\visual studio 2015\projects\lab3\lab3\deck.cpp(219): error C2248: 'Hand::cards': cannot access private member declared in class 'Hand'
  \\warehouse2.seasad.wustl.edu\home\m.mason\my documents\visual studio 2015\projects\lab3\lab3\hand.h(16): note: see declaration of 'Hand::cards'
  \\warehouse2.seasad.wustl.edu\home\m.mason\my documents\visual studio 2015\projects\lab3\lab3\hand.h(10): note: see declaration of 'Hand'
\\warehouse2.seasad.wustl.edu\home\m.mason\my documents\visual studio 2015\projects\lab3\lab3\deck.cpp(220): error C2248: 'Hand::cards': cannot access private member declared in class 'Hand'
  \\warehouse2.seasad.wustl.edu\home\m.mason\my documents\visual studio 2015\projects\lab3\lab3\hand.h(16): note: see declaration of 'Hand::cards'
  \\warehouse2.seasad.wustl.edu\home\m.mason\my documents\visual studio 2015\projects\lab3\lab3\hand.h(10): note: see declaration of 'Hand'
\\warehouse2.seasad.wustl.edu\home\m.mason\my documents\visual studio 2015\projects\lab3\lab3\deck.cpp(226): error C4430: missing type specifier - int assumed. Note: C++ does not support default-int
\\warehouse2.seasad.wustl.edu\home\m.mason\my documents\visual studio 2015\projects\lab3\lab3\deck.cpp(226): error C2086: 'int pokerHands': redefinition
  \\warehouse2.seasad.wustl.edu\home\m.mason\my documents\visual studio 2015\projects\lab3\lab3\hand.h(30): note: see declaration of 'pokerHands'
\\warehouse2.seasad.wustl.edu\home\m.mason\my documents\visual studio 2015\projects\lab3\lab3\deck.cpp(226): error C2146: syntax error: missing ';' before identifier 'getPRank'
\\warehouse2.seasad.wustl.edu\home\m.mason\my documents\visual studio 2015\projects\lab3\lab3\deck.cpp(226): error C2143: syntax error: missing ';' before '{'
\\warehouse2.seasad.wustl.edu\home\m.mason\my documents\visual studio 2015\projects\lab3\lab3\deck.cpp(226): error C2447: '{': missing function header (old-style formal list?)
\\warehouse2.seasad.wustl.edu\home\m.mason\my documents\visual studio 2015\projects\lab3\lab3\deck.cpp(316): error C2146: syntax error: missing ';' before identifier 'h1Rank'
\\warehouse2.seasad.wustl.edu\home\m.mason\my documents\visual studio 2015\projects\lab3\lab3\deck.cpp(316): error C2065: 'h1Rank': undeclared identifier
\\warehouse2.seasad.wustl.edu\home\m.mason\my documents\visual studio 2015\projects\lab3\lab3\deck.cpp(316): error C3861: 'getPRank': identifier not found
\\warehouse2.seasad.wustl.edu\home\m.mason\my documents\visual studio 2015\projects\lab3\lab3\deck.cpp(317): error C2146: syntax error: missing ';' before identifier 'h2Rank'
\\warehouse2.seasad.wustl.edu\home\m.mason\my documents\visual studio 2015\projects\lab3\lab3\deck.cpp(317): error C2065: 'h2Rank': undeclared identifier
\\warehouse2.seasad.wustl.edu\home\m.mason\my documents\visual studio 2015\projects\lab3\lab3\deck.cpp(317): error C3861: 'getPRank': identifier not found
\\warehouse2.seasad.wustl.edu\home\m.mason\my documents\visual studio 2015\projects\lab3\lab3\deck.cpp(318): error C2065: 'h1Rank': undeclared identifier
\\warehouse2.seasad.wustl.edu\home\m.mason\my documents\visual studio 2015\projects\lab3\lab3\deck.cpp(318): error C2065: 'h2Rank': undeclared identifier
\\warehouse2.seasad.wustl.edu\home\m.mason\my documents\visual studio 2015\projects\lab3\lab3\deck.cpp(321): error C2065: 'h1Rank': undeclared identifier
\\warehouse2.seasad.wustl.edu\home\m.mason\my documents\visual studio 2015\projects\lab3\lab3\deck.cpp(321): error C2065: 'h2Rank': undeclared identifier
\\warehouse2.seasad.wustl.edu\home\m.mason\my documents\visual studio 2015\projects\lab3\lab3\deck.cpp(328): error C2065: 'h1Rank': undeclared identifier
\\warehouse2.seasad.wustl.edu\home\m.mason\my documents\visual studio 2015\projects\lab3\lab3\deck.cpp(328): error C2050: switch expression not integral
  Generating Code...
